<?xml version="1.0" encoding="UTF-8"?>
<testng-results ignored="0" total="1" passed="1" failed="0" skipped="0">
  <reporter-output>
  </reporter-output>
<<<<<<< HEAD
  <suite started-at="2023-05-22T12:39:33Z" name="Suite" finished-at="2023-05-22T12:39:48Z" duration-ms="15254">
=======
<<<<<<< HEAD
  <suite name="Suite" duration-ms="47049" started-at="2023-05-16T12:31:07Z" finished-at="2023-05-16T12:31:54Z">
    <groups>
    </groups>
    <test name="Test" duration-ms="47049" started-at="2023-05-16T12:31:07Z" finished-at="2023-05-16T12:31:54Z">
      <class name="testcases.CreateIncident">
        <test-method status="PASS" signature="setUp()[pri:0, instance:testcases.CreateIncident@1e802ef9]" name="setUp" is-config="true" duration-ms="10681" started-at="2023-05-16T18:01:07Z" finished-at="2023-05-16T18:01:18Z">
          <reporter-output>
          </reporter-output>
        </test-method> <!-- setUp -->
        <test-method status="FAIL" signature="createIncident()[pri:0, instance:testcases.CreateIncident@1e802ef9]" name="createIncident" duration-ms="35164" started-at="2023-05-16T18:01:18Z" finished-at="2023-05-16T18:01:53Z">
          <exception class="org.openqa.selenium.TimeoutException">
            <message>
              <![CDATA[Expected condition failed: waiting for presence of element located by: By.xpath: //input[@id='filter'] (tried for 30 second(s) with 500 milliseconds interval)]]>
            </message>
            <full-stacktrace>
              <![CDATA[org.openqa.selenium.TimeoutException: Expected condition failed: waiting for presence of element located by: By.xpath: //input[@id='filter'] (tried for 30 second(s) with 500 milliseconds interval)
	at org.openqa.selenium.support.ui.WebDriverWait.timeoutException(WebDriverWait.java:138)
	at org.openqa.selenium.support.ui.FluentWait.until(FluentWait.java:231)
	at factories.ExplicitWaitFactory.performExplicitWait(ExplicitWaitFactory.java:25)
	at pages.BasePage.sendKeys(BasePage.java:50)
	at pages.ServiceNow_HomePage.enterSearchText_filterNavigator(ServiceNow_HomePage.java:20)
	at testcases.CreateIncident.createIncident(CreateIncident.java:26)
	at sun.reflect.NativeMethodAccessorImpl.invoke0(Native Method)
	at sun.reflect.NativeMethodAccessorImpl.invoke(NativeMethodAccessorImpl.java:62)
	at sun.reflect.DelegatingMethodAccessorImpl.invoke(DelegatingMethodAccessorImpl.java:43)
	at java.lang.reflect.Method.invoke(Method.java:498)
=======
  <suite started-at="2023-05-17T09:51:13Z" name="Suite" finished-at="2023-05-17T09:52:25Z" duration-ms="72024">
>>>>>>> 3d2ca47054a5bda8771026f1cf6bfe5823f78df7
    <groups>
    </groups>
    <test started-at="2023-05-22T12:39:33Z" name="Test" finished-at="2023-05-22T12:39:48Z" duration-ms="15254">
      <class name="testcases.CreateLead">
        <test-method is-config="true" signature="setUp()[pri:0, instance:testcases.CreateLead@cecf639]" started-at="2023-05-22T18:09:33Z" name="setUp" finished-at="2023-05-22T18:09:37Z" duration-ms="4553" status="PASS">
          <reporter-output>
          </reporter-output>
        </test-method> <!-- setUp -->
<<<<<<< HEAD
        <test-method signature="createLead()[pri:0, instance:testcases.CreateLead@cecf639]" started-at="2023-05-22T18:09:37Z" name="createLead" finished-at="2023-05-22T18:09:48Z" duration-ms="10532" status="PASS">
          <reporter-output>
          </reporter-output>
        </test-method> <!-- createLead -->
        <test-method is-config="true" signature="tearDown()[pri:0, instance:testcases.CreateLead@cecf639]" started-at="2023-05-22T18:09:48Z" name="tearDown" finished-at="2023-05-22T18:09:48Z" duration-ms="152" status="PASS">
=======
        <test-method signature="createIncident()[pri:0, instance:testcases.CreateIncident@4be29ed9]" started-at="2023-05-17T15:21:25Z" name="createIncident" finished-at="2023-05-17T15:22:25Z" duration-ms="60126" status="FAIL">
          <exception class="org.openqa.selenium.NoSuchFrameException">
            <message>
              <![CDATA[No frame element found by name or id gsft_main
Build info: version: '4.1.2', revision: '9a5a329c5a'
System info: host: 'DESKTOP-JTRCS5G', ip: '10.114.28.61', os.name: 'Windows 10', os.arch: 'amd64', os.version: '10.0', java.version: '20.0.1'
Driver info: driver.version: unknown]]>
            </message>
            <full-stacktrace>
              <![CDATA[org.openqa.selenium.NoSuchFrameException: No frame element found by name or id gsft_main
Build info: version: '4.1.2', revision: '9a5a329c5a'
System info: host: 'DESKTOP-JTRCS5G', ip: '10.114.28.61', os.name: 'Windows 10', os.arch: 'amd64', os.version: '10.0', java.version: '20.0.1'
Driver info: driver.version: unknown
	at org.openqa.selenium.remote.RemoteWebDriver$RemoteTargetLocator.frame(RemoteWebDriver.java:1045)
	at pages.BasePage.switchToFrame(BasePage.java:67)
	at pages.ServiceNow_LoginPage.enterUserName(ServiceNow_LoginPage.java:20)
	at testcases.CreateIncident.createIncident(CreateIncident.java:23)
	at java.base/jdk.internal.reflect.DirectMethodHandleAccessor.invoke(DirectMethodHandleAccessor.java:104)
	at java.base/java.lang.reflect.Method.invoke(Method.java:578)
>>>>>>> 3665cdd71663337d809a8bf26ca24f6ca1caec57
	at org.testng.internal.MethodInvocationHelper.invokeMethod(MethodInvocationHelper.java:104)
	at org.testng.internal.Invoker.invokeMethod(Invoker.java:645)
	at org.testng.internal.Invoker.invokeTestMethod(Invoker.java:851)
	at org.testng.internal.Invoker.invokeTestMethods(Invoker.java:1177)
	at org.testng.internal.TestMethodWorker.invokeTestMethods(TestMethodWorker.java:129)
	at org.testng.internal.TestMethodWorker.run(TestMethodWorker.java:112)
	at org.testng.TestRunner.privateRun(TestRunner.java:756)
	at org.testng.TestRunner.run(TestRunner.java:610)
	at org.testng.SuiteRunner.runTest(SuiteRunner.java:387)
	at org.testng.SuiteRunner.runSequentially(SuiteRunner.java:382)
	at org.testng.SuiteRunner.privateRun(SuiteRunner.java:340)
	at org.testng.SuiteRunner.run(SuiteRunner.java:289)
	at org.testng.SuiteRunnerWorker.runSuite(SuiteRunnerWorker.java:52)
	at org.testng.SuiteRunnerWorker.run(SuiteRunnerWorker.java:86)
	at org.testng.TestNG.runSuitesSequentially(TestNG.java:1293)
	at org.testng.TestNG.runSuitesLocally(TestNG.java:1218)
	at org.testng.TestNG.runSuites(TestNG.java:1133)
	at org.testng.TestNG.run(TestNG.java:1104)
	at org.testng.remote.AbstractRemoteTestNG.run(AbstractRemoteTestNG.java:115)
	at org.testng.remote.RemoteTestNG.initAndRun(RemoteTestNG.java:251)
	at org.testng.remote.RemoteTestNG.main(RemoteTestNG.java:77)
Caused by: org.openqa.selenium.NoSuchElementException: no such element: Unable to locate element: {"method":"xpath","selector":"//input[@id='filter']"}
  (Session info: chrome=113.0.5672.93)
For documentation on this error, please visit: https://selenium.dev/exceptions/#no_such_element
Build info: version: '4.1.2', revision: '9a5a329c5a'
System info: host: 'DESKTOP-2PIKAKN', ip: '10.117.56.20', os.name: 'Windows 10', os.arch: 'amd64', os.version: '10.0', java.version: '1.8.0_271'
Driver info: org.openqa.selenium.chrome.ChromeDriver
Command: [d93a39363a8ec92510e0573acdeef75a, findElement {using=xpath, value=//input[@id='filter']}]
Capabilities {acceptInsecureCerts: false, browserName: chrome, browserVersion: 113.0.5672.93, chrome: {chromedriverVersion: 113.0.5672.63 (0e1a4471d5ae..., userDataDir: C:\Users\Windows\AppData\Lo...}, goog:chromeOptions: {debuggerAddress: localhost:64678}, javascriptEnabled: true, networkConnectionEnabled: false, pageLoadStrategy: normal, platform: WINDOWS, platformName: WINDOWS, proxy: Proxy(), se:cdp: ws://localhost:64678/devtoo..., se:cdpVersion: 113.0.5672.93, setWindowRect: true, strictFileInteractability: false, timeouts: {implicit: 0, pageLoad: 300000, script: 30000}, unhandledPromptBehavior: dismiss and notify, webauthn:extension:credBlob: true, webauthn:extension:largeBlob: true, webauthn:extension:minPinLength: true, webauthn:extension:prf: true, webauthn:virtualAuthenticators: true}
Session ID: d93a39363a8ec92510e0573acdeef75a
	at sun.reflect.NativeConstructorAccessorImpl.newInstance0(Native Method)
	at sun.reflect.NativeConstructorAccessorImpl.newInstance(NativeConstructorAccessorImpl.java:62)
	at sun.reflect.DelegatingConstructorAccessorImpl.newInstance(DelegatingConstructorAccessorImpl.java:45)
	at java.lang.reflect.Constructor.newInstance(Constructor.java:423)
	at org.openqa.selenium.remote.codec.w3c.W3CHttpResponseCodec.createException(W3CHttpResponseCodec.java:200)
	at org.openqa.selenium.remote.codec.w3c.W3CHttpResponseCodec.decode(W3CHttpResponseCodec.java:133)
	at org.openqa.selenium.remote.codec.w3c.W3CHttpResponseCodec.decode(W3CHttpResponseCodec.java:53)
	at org.openqa.selenium.remote.HttpCommandExecutor.execute(HttpCommandExecutor.java:184)
	at org.openqa.selenium.remote.service.DriverCommandExecutor.invokeExecute(DriverCommandExecutor.java:167)
	at org.openqa.selenium.remote.service.DriverCommandExecutor.execute(DriverCommandExecutor.java:142)
	at org.openqa.selenium.remote.RemoteWebDriver.execute(RemoteWebDriver.java:558)
	at org.openqa.selenium.remote.ElementLocation$ElementFinder$2.findElement(ElementLocation.java:162)
	at org.openqa.selenium.remote.ElementLocation.findElement(ElementLocation.java:60)
	at org.openqa.selenium.remote.RemoteWebDriver.findElement(RemoteWebDriver.java:382)
	at org.openqa.selenium.remote.RemoteWebDriver.findElement(RemoteWebDriver.java:374)
	at org.openqa.selenium.support.ui.ExpectedConditions$6.apply(ExpectedConditions.java:174)
	at org.openqa.selenium.support.ui.ExpectedConditions$6.apply(ExpectedConditions.java:171)
	at org.openqa.selenium.support.ui.FluentWait.until(FluentWait.java:208)
	... 29 more
]]>
            </full-stacktrace>
          </exception> <!-- org.openqa.selenium.TimeoutException -->
          <reporter-output>
          </reporter-output>
        </test-method> <!-- createIncident -->
<<<<<<< HEAD
        <test-method status="PASS" signature="tearDown()[pri:0, instance:testcases.CreateIncident@1e802ef9]" name="tearDown" is-config="true" duration-ms="829" started-at="2023-05-16T18:01:53Z" finished-at="2023-05-16T18:01:54Z">
=======
        <test-method is-config="true" signature="tearDown()[pri:0, instance:testcases.CreateIncident@4be29ed9]" started-at="2023-05-17T15:22:25Z" name="tearDown" finished-at="2023-05-17T15:22:25Z" duration-ms="255" status="PASS">
>>>>>>> 3665cdd71663337d809a8bf26ca24f6ca1caec57
>>>>>>> 3d2ca47054a5bda8771026f1cf6bfe5823f78df7
          <reporter-output>
          </reporter-output>
        </test-method> <!-- tearDown -->
      </class> <!-- testcases.CreateLead -->
    </test> <!-- Test -->
  </suite> <!-- Suite -->
</testng-results>
